2013-09-20 21:49:50  [ Start Level Event Dispatcher:11551 ] - [ ERROR ]  Initial RMI registry failed.
java.rmi.server.ExportException: Port already in use: 1099; nested exception is: 
	java.net.BindException: Address already in use: JVM_Bind
	at sun.rmi.transport.tcp.TCPTransport.listen(Unknown Source)
	at sun.rmi.transport.tcp.TCPTransport.exportObject(Unknown Source)
	at sun.rmi.transport.tcp.TCPEndpoint.exportObject(Unknown Source)
	at sun.rmi.transport.LiveRef.exportObject(Unknown Source)
	at sun.rmi.server.UnicastServerRef.exportObject(Unknown Source)
	at sun.rmi.registry.RegistryImpl.setup(Unknown Source)
	at sun.rmi.registry.RegistryImpl.<init>(Unknown Source)
	at java.rmi.registry.LocateRegistry.createRegistry(Unknown Source)
	at net.worm.jshelf.base.util.RmiExporter.<init>(RmiExporter.java:77)
	at net.worm.jshelf.base.util.RmiExporter.getInstance(RmiExporter.java:88)
	at net.worm.jshelf.base.Activator.start(Activator.java:51)
	at org.eclipse.osgi.framework.internal.core.BundleContextImpl$1.run(BundleContextImpl.java:711)
	at java.security.AccessController.doPrivileged(Native Method)
	at org.eclipse.osgi.framework.internal.core.BundleContextImpl.startActivator(BundleContextImpl.java:702)
	at org.eclipse.osgi.framework.internal.core.BundleContextImpl.start(BundleContextImpl.java:683)
	at org.eclipse.osgi.framework.internal.core.BundleHost.startWorker(BundleHost.java:381)
	at org.eclipse.osgi.framework.internal.core.AbstractBundle.resume(AbstractBundle.java:390)
	at org.eclipse.osgi.framework.internal.core.Framework.resumeBundle(Framework.java:1177)
	at org.eclipse.osgi.framework.internal.core.StartLevelManager.resumeBundles(StartLevelManager.java:559)
	at org.eclipse.osgi.framework.internal.core.StartLevelManager.resumeBundles(StartLevelManager.java:544)
	at org.eclipse.osgi.framework.internal.core.StartLevelManager.incFWSL(StartLevelManager.java:457)
	at org.eclipse.osgi.framework.internal.core.StartLevelManager.doSetStartLevel(StartLevelManager.java:243)
	at org.eclipse.osgi.framework.internal.core.StartLevelManager.dispatchEvent(StartLevelManager.java:438)
	at org.eclipse.osgi.framework.internal.core.StartLevelManager.dispatchEvent(StartLevelManager.java:1)
	at org.eclipse.osgi.framework.eventmgr.EventManager.dispatchEvent(EventManager.java:230)
	at org.eclipse.osgi.framework.eventmgr.EventManager$EventThread.run(EventManager.java:340)
Caused by: java.net.BindException: Address already in use: JVM_Bind
	at java.net.DualStackPlainSocketImpl.bind0(Native Method)
	at java.net.DualStackPlainSocketImpl.socketBind(Unknown Source)
	at java.net.AbstractPlainSocketImpl.bind(Unknown Source)
	at java.net.PlainSocketImpl.bind(Unknown Source)
	at java.net.ServerSocket.bind(Unknown Source)
	at java.net.ServerSocket.<init>(Unknown Source)
	at java.net.ServerSocket.<init>(Unknown Source)
	at sun.rmi.transport.proxy.RMIDirectSocketFactory.createServerSocket(Unknown Source)
	at sun.rmi.transport.proxy.RMIMasterSocketFactory.createServerSocket(Unknown Source)
	at sun.rmi.transport.tcp.TCPEndpoint.newServerSocket(Unknown Source)
	... 26 more
